WARNING: An illegal reflective access operation has occurred
WARNING: Illegal reflective access by io.netty.util.internal.ReflectionUtil (file:/Users/karendahlaarhus/.cache/firebase/emulators/firebase-database-emulator-v4.11.0.jar) to field sun.nio.ch.SelectorImpl.selectedKeys
WARNING: Please consider reporting this to the maintainers of io.netty.util.internal.ReflectionUtil
WARNING: Use --illegal-access=warn to enable warnings of further illegal reflective access operations
WARNING: All illegal access operations will be denied in a future release
13:03:36.234 [NamespaceSystem-akka.actor.default-dispatcher-4] INFO akka.event.slf4j.Slf4jLogger - Slf4jLogger started
13:03:36.518 [main] INFO com.firebase.server.forge.App$ - Listening at 127.0.0.1:9000
13:03:43.250 [NamespaceSystem-akka.actor.default-dispatcher-4] INFO com.firebase.core.namespace.NamespaceActor - coral-reef-awareness-default-rtdb successfully activated FBKV (SurveyIdle(0)) wait: 244ms, init: 0ms
Uncaught error from thread [NamespaceSystem-akka.actor.default-dispatcher-6]: com.sun.management.ThreadMXBean, shutting down ActorSystem[NamespaceSystem]
java.lang.NoClassDefFoundError: com.sun.management.ThreadMXBean13:03:43.315 [NamespaceSystem-blocking-namespace-operation-dispatcher-7] ERROR com.firebase.core.namespace.NamespaceActor - Namespace failure for coral-reef-awareness-default-rtdb; clearing connections
java.lang.NoClassDefFoundError: com.firebase.core.stats.StatsHelper$ (initialization failure)
	at java.base/java.lang.J9VMInternals.initializationAlreadyFailed(J9VMInternals.java:143)
	at com.firebase.core.stats.NamespaceStats.timeInitOnDisconnect(NamespaceStats.scala:1995)
	at com.firebase.core.namespace.NamespaceActor.initializeOnDisconnectMap(NamespaceActor.scala:318)
	at com.firebase.core.namespace.NamespaceActor.$anonfun$activateFbkv$6(NamespaceActor.scala:200)
	at com.firebase.core.namespace.NamespaceActor$$Lambda$609/0000000000000000.apply$mcV$sp(Unknown Source)
	at com.firebase.core.namespace.NamespaceActor.wrapException(NamespaceActor.scala:298)
	at com.firebase.core.namespace.NamespaceActor.$anonfun$activateFbkv$5(NamespaceActor.scala:198)
	at com.firebase.core.namespace.NamespaceActor$$Lambda$603/0000000000000000.apply$mcV$sp(Unknown Source)
	at scala.runtime.java8.JFunction0$mcV$sp.apply(JFunction0$mcV$sp.java:23)
	at scala.concurrent.Future$.$anonfun$apply$1(Future.scala:659)
	at scala.concurrent.Future$$$Lambda$604/0000000000000000.apply(Unknown Source)
	at scala.util.Success.$anonfun$map$1(Try.scala:255)
	at scala.util.Success.map(Try.scala:213)
	at scala.concurrent.Future.$anonfun$map$1(Future.scala:292)
	at scala.concurrent.Future$$Lambda$461/0000000000000000.apply(Unknown Source)
	at scala.concurrent.impl.Promise.liftedTree1$1(Promise.scala:33)
	at scala.concurrent.impl.Promise.$anonfun$transform$1(Promise.scala:33)
	at scala.concurrent.impl.Promise$$Lambda$271/0000000000000000.apply(Unknown Source)
	at scala.concurrent.impl.CallbackRunnable.run(Promise.scala:64)
	at com.firebase.core.util.LoggingExecutionContextExecutor.$anonfun$execute$3(LoggingExecutionContextExecutor.scala:23)
	at com.firebase.core.util.LoggingExecutionContextExecutor$$Lambda$607/0000000000000000.apply$mcV$sp(Unknown Source)
	at scala.runtime.java8.JFunction0$mcV$sp.apply(JFunction0$mcV$sp.java:23)
	at com.firebase.core.util.LoggingExecutionContextExecutor.wrapExecution(LoggingExecutionContextExecutor.scala:29)
	at com.firebase.core.util.LoggingExecutionContextExecutor.$anonfun$execute$2(LoggingExecutionContextExecutor.scala:23)
	at com.firebase.core.util.LoggingExecutionContextExecutor$$Lambda$606/0000000000000000.run(Unknown Source)
	at akka.dispatch.TaskInvocation.run(AbstractDispatcher.scala:48)
	at akka.dispatch.ForkJoinExecutorConfigurator$AkkaForkJoinTask.exec(ForkJoinExecutorConfigurator.scala:48)
	at java.base/java.util.concurrent.ForkJoinTask.doExec(ForkJoinTask.java:290)
	at java.base/java.util.concurrent.ForkJoinPool$WorkQueue.topLevelExec(ForkJoinPool.java:1016)
	at java.base/java.util.concurrent.ForkJoinPool.scan(ForkJoinPool.java:1665)
	at java.base/java.util.concurrent.ForkJoinPool.runWorker(ForkJoinPool.java:1598)
	at java.base/java.util.concurrent.ForkJoinWorkerThread.run(ForkJoinWorkerThread.java:177)
Caused by: java.lang.NoClassDefFoundError: com.sun.management.ThreadMXBean
	at com.firebase.core.stats.StatsHelper$.<init>(StatsHelper.scala:131)
	at com.firebase.core.stats.StatsHelper$.<clinit>(StatsHelper.scala)
	at com.firebase.core.stats.NamespaceStats.timeNamespaceBatchingActorOperation(NamespaceStats.scala:1645)
	at com.firebase.core.namespace.NamespaceBatchingActor.wrapAsync(NamespaceBatchingActor.scala:205)
	at com.firebase.core.namespace.NamespaceBatchingActor.com$firebase$core$namespace$NamespaceBatchingActor$$wrapDefaultAsync(NamespaceBatchingActor.scala:211)
	at com.firebase.core.namespace.NamespaceBatchingActor$$anonfun$1.applyOrElse(NamespaceBatchingActor.scala:307)
	at com.firebase.core.namespace.NamespaceBatchingActor$$anonfun$1.applyOrElse(NamespaceBatchingActor.scala:305)
	at scala.runtime.AbstractPartialFunction.apply(AbstractPartialFunction.scala:38)
	at akka.actor.FSM.processEvent(FSM.scala:804)
	at akka.actor.FSM.processEvent$(FSM.scala:801)
	at com.firebase.core.namespace.NamespaceBatchingActor.processEvent(NamespaceBatchingActor.scala:116)
	at akka.actor.FSM.akka$actor$FSM$$processMsg(FSM.scala:798)
	at akka.actor.FSM$$anonfun$receive$1.applyOrElse(FSM.scala:793)
	at akka.actor.Actor.aroundReceive(Actor.scala:537)
	at akka.actor.Actor.aroundReceive$(Actor.scala:535)
	at com.firebase.core.namespace.NamespaceBatchingActor.aroundReceive(NamespaceBatchingActor.scala:116)
	at akka.actor.ActorCell.receiveMessage(ActorCell.scala:577)
	at akka.actor.ActorCell.invoke(ActorCell.scala:547)
	at akka.dispatch.Mailbox.processMailbox(Mailbox.scala:270)
	at akka.dispatch.Mailbox.run(Mailbox.scala:231)
	at akka.dispatch.Mailbox.exec(Mailbox.scala:243)
	... 5 common frames omitted
Caused by: java.lang.ClassNotFoundException: com.sun.management.ThreadMXBean
	at java.base/jdk.internal.loader.BuiltinClassLoader.loadClass(BuiltinClassLoader.java:788)
	at java.base/jdk.internal.loader.ClassLoaders$AppClassLoader.loadClass(ClassLoaders.java:178)
	at java.base/java.lang.ClassLoader.loadClass(ClassLoader.java:1081)
	... 26 common frames omitted

	at com.firebase.core.stats.StatsHelper$.<init>(StatsHelper.scala:131)
	at com.firebase.core.stats.StatsHelper$.<clinit>(StatsHelper.scala)
	at com.firebase.core.stats.NamespaceStats.timeNamespaceBatchingActorOperation(NamespaceStats.scala:1645)
13:03:43.327 [NamespaceSystem-blocking-namespace-operation-dispatcher-7] INFO com.firebase.core.namespace.StateManager - Namespace coral-reef-awareness-default-rtdb status Active to Shutdown
	at com.firebase.core.namespace.NamespaceBatchingActor.wrapAsync(NamespaceBatchingActor.scala:205)
	at com.firebase.core.namespace.NamespaceBatchingActor.com$firebase$core$namespace$NamespaceBatchingActor$$wrapDefaultAsync(NamespaceBatchingActor.scala:211)
	at com.firebase.core.namespace.NamespaceBatchingActor$$anonfun$1.applyOrElse(NamespaceBatchingActor.scala:307)13:03:43.338 [NamespaceSystem-blocking-namespace-operation-dispatcher-7] INFO com.firebase.core.namespace.NamespaceActor - Namespace resetting for coral-reef-awareness-default-rtdb, runOnDisconnects=false

	at com.firebase.core.namespace.NamespaceBatchingActor$$anonfun$1.applyOrElse(NamespaceBatchingActor.scala:305)
	at scala.runtime.AbstractPartialFunction.apply(AbstractPartialFunction.scala:38)
	at akka.actor.FSM.processEvent(FSM.scala:804)
	at akka.actor.FSM.processEvent$(FSM.scala:801)
	at com.firebase.core.namespace.NamespaceBatchingActor.processEvent(NamespaceBatchingActor.scala:116)
	at akka.actor.FSM.akka$actor$FSM$$processMsg(FSM.scala:798)
	at akka.actor.FSM$$anonfun$receive$1.applyOrElse(FSM.scala:793)
	at akka.actor.Actor.aroundReceive(Actor.scala:537)
	at akka.actor.Actor.aroundReceive$(Actor.scala:535)
	at com.firebase.core.namespace.NamespaceBatchingActor.aroundReceive(NamespaceBatchingActor.scala:116)
	at akka.actor.ActorCell.receiveMessage(ActorCell.scala:577)
	at akka.actor.ActorCell.invoke(ActorCell.scala:547)
	at akka.dispatch.Mailbox.processMailbox(Mailbox.scala:270)
	at akka.dispatch.Mailbox.run(Mailbox.scala:231)
	at akka.dispatch.Mailbox.exec(Mailbox.scala:243)
	at java.base/java.util.concurrent.ForkJoinTask.doExec(ForkJoinTask.java:290)
	at java.base/java.util.concurrent.ForkJoinPool$WorkQueue.topLevelExec(ForkJoinPool.java:1016)
	at java.base/java.util.concurrent.ForkJoinPool.scan(ForkJoinPool.java:1665)
	at java.base/java.util.concurrent.ForkJoinPool.runWorker(ForkJoinPool.java:1598)
	at java.base/java.util.concurrent.ForkJoinWorkerThread.run(ForkJoinWorkerThread.java:177)
Caused by: java.lang.ClassNotFoundException: com.sun.management.ThreadMXBean
	at java.base/jdk.internal.loader.BuiltinClassLoader.loadClass(BuiltinClassLoader.java:788)
	at java.base/jdk.internal.loader.ClassLoaders$AppClassLoader.loadClass(ClassLoaders.java:178)
	at java.base/java.lang.ClassLoader.loadClass(ClassLoader.java:1081)
	... 26 more
13:03:43.361 [NamespaceSystem-akka.actor.default-dispatcher-4:coral-reef-awareness-default-rtdb$2069089435:broadcast] ERROR com.firebase.core.namespace.view.BroadcastActor - Unexpected error caught in BroadcastActor(coral-reef-awareness-default-rtdb) operation: ResetBroadcastQueue
java.lang.NoClassDefFoundError: com.firebase.core.stats.StatsHelper$ (initialization failure)
	at java.base/java.lang.J9VMInternals.initializationAlreadyFailed(J9VMInternals.java:143)
	at com.firebase.core.stats.NamespaceStats.timeBroadcastActor(NamespaceStats.scala:1535)
	at com.firebase.core.namespace.view.BroadcastActor$$anonfun$receive$1.$anonfun$applyOrElse$6(BroadcastActor.scala:104)
	at com.firebase.core.namespace.view.BroadcastActor$$anonfun$receive$1$$Lambda$619/0000000000000000.apply$mcV$sp(Unknown Source)
	at scala.runtime.java8.JFunction0$mcV$sp.apply(JFunction0$mcV$sp.java:23)
	at com.firebase.util.logging.Logging.withRenamedThread(Logging.scala:63)
	at com.firebase.util.logging.Logging.withRenamedThread$(Logging.scala:58)
	at com.firebase.core.namespace.view.BroadcastActor.withRenamedThread(BroadcastActor.scala:71)
	at com.firebase.core.namespace.view.BroadcastActor$$anonfun$receive$1.applyOrElse(BroadcastActor.scala:102)
	at akka.actor.Actor.aroundReceive(Actor.scala:537)
	at akka.actor.Actor.aroundReceive$(Actor.scala:535)
	at com.firebase.core.namespace.view.BroadcastActor.aroundReceive(BroadcastActor.scala:71)
	at akka.actor.ActorCell.receiveMessage(ActorCell.scala:577)
	at akka.actor.ActorCell.invoke(ActorCell.scala:547)
	at akka.dispatch.Mailbox.processMailbox(Mailbox.scala:270)
	at akka.dispatch.Mailbox.run(Mailbox.scala:231)
	at akka.dispatch.Mailbox.exec(Mailbox.scala:243)
	at java.base/java.util.concurrent.ForkJoinTask.doExec(ForkJoinTask.java:290)
	at java.base/java.util.concurrent.ForkJoinPool$WorkQueue.topLevelExec(ForkJoinPool.java:1016)
	at java.base/java.util.concurrent.ForkJoinPool.scan(ForkJoinPool.java:1665)
	at java.base/java.util.concurrent.ForkJoinPool.runWorker(ForkJoinPool.java:1598)
	at java.base/java.util.concurrent.ForkJoinWorkerThread.run(ForkJoinWorkerThread.java:177)
Caused by: java.lang.NoClassDefFoundError: com.sun.management.ThreadMXBean
	at com.firebase.core.stats.StatsHelper$.<init>(StatsHelper.scala:131)
	at com.firebase.core.stats.StatsHelper$.<clinit>(StatsHelper.scala)
	at com.firebase.core.stats.NamespaceStats.timeNamespaceBatchingActorOperation(NamespaceStats.scala:1645)
	at com.firebase.core.namespace.NamespaceBatchingActor.wrapAsync(NamespaceBatchingActor.scala:205)
	at com.firebase.core.namespace.NamespaceBatchingActor.com$firebase$core$namespace$NamespaceBatchingActor$$wrapDefaultAsync(NamespaceBatchingActor.scala:211)
	at com.firebase.core.namespace.NamespaceBatchingActor$$anonfun$1.applyOrElse(NamespaceBatchingActor.scala:307)
	at com.firebase.core.namespace.NamespaceBatchingActor$$anonfun$1.applyOrElse(NamespaceBatchingActor.scala:305)
	at scala.runtime.AbstractPartialFunction.apply(AbstractPartialFunction.scala:38)
	at akka.actor.FSM.processEvent(FSM.scala:804)
	at akka.actor.FSM.processEvent$(FSM.scala:801)
	at com.firebase.core.namespace.NamespaceBatchingActor.processEvent(NamespaceBatchingActor.scala:116)
	at akka.actor.FSM.akka$actor$FSM$$processMsg(FSM.scala:798)
	at akka.actor.FSM$$anonfun$receive$1.applyOrElse(FSM.scala:793)
	at akka.actor.Actor.aroundReceive(Actor.scala:537)
	at akka.actor.Actor.aroundReceive$(Actor.scala:535)
	at com.firebase.core.namespace.NamespaceBatchingActor.aroundReceive(NamespaceBatchingActor.scala:116)
	... 10 common frames omitted
Caused by: java.lang.ClassNotFoundException: com.sun.management.ThreadMXBean
	at java.base/jdk.internal.loader.BuiltinClassLoader.loadClass(BuiltinClassLoader.java:788)
	at java.base/jdk.internal.loader.ClassLoaders$AppClassLoader.loadClass(ClassLoaders.java:178)
	at java.base/java.lang.ClassLoader.loadClass(ClassLoader.java:1081)
	... 26 common frames omitted
13:03:43.368 [NamespaceSystem-akka.actor.default-dispatcher-9] ERROR com.firebase.core.namespace.BoundedNamespaceOperationsQueue - Unknown message: OperationComplete(RequestId(1)) from Actor[akka://NamespaceSystem/user/coral-reef-awareness-default-rtdb#1503103501]
13:03:43.379 [NamespaceSystem-akka.actor.default-dispatcher-9] ERROR akka.actor.ActorSystemImpl - Uncaught error from thread [NamespaceSystem-akka.actor.default-dispatcher-6]: com.sun.management.ThreadMXBean, shutting down ActorSystem[NamespaceSystem]
java.lang.NoClassDefFoundError: com.sun.management.ThreadMXBean
	at com.firebase.core.stats.StatsHelper$.<init>(StatsHelper.scala:131)
	at com.firebase.core.stats.StatsHelper$.<clinit>(StatsHelper.scala)
	at com.firebase.core.stats.NamespaceStats.timeNamespaceBatchingActorOperation(NamespaceStats.scala:1645)
	at com.firebase.core.namespace.NamespaceBatchingActor.wrapAsync(NamespaceBatchingActor.scala:205)
	at com.firebase.core.namespace.NamespaceBatchingActor.com$firebase$core$namespace$NamespaceBatchingActor$$wrapDefaultAsync(NamespaceBatchingActor.scala:211)
	at com.firebase.core.namespace.NamespaceBatchingActor$$anonfun$1.applyOrElse(NamespaceBatchingActor.scala:307)
	at com.firebase.core.namespace.NamespaceBatchingActor$$anonfun$1.applyOrElse(NamespaceBatchingActor.scala:305)
	at scala.runtime.AbstractPartialFunction.apply(AbstractPartialFunction.scala:38)
	at akka.actor.FSM.processEvent(FSM.scala:804)
	at akka.actor.FSM.processEvent$(FSM.scala:801)
	at com.firebase.core.namespace.NamespaceBatchingActor.processEvent(NamespaceBatchingActor.scala:116)
	at akka.actor.FSM.akka$actor$FSM$$processMsg(FSM.scala:798)
	at akka.actor.FSM$$anonfun$receive$1.applyOrElse(FSM.scala:793)
	at akka.actor.Actor.aroundReceive(Actor.scala:537)
	at akka.actor.Actor.aroundReceive$(Actor.scala:535)
	at com.firebase.core.namespace.NamespaceBatchingActor.aroundReceive(NamespaceBatchingActor.scala:116)
	at akka.actor.ActorCell.receiveMessage(ActorCell.scala:577)
	at akka.actor.ActorCell.invoke(ActorCell.scala:547)
	at akka.dispatch.Mailbox.processMailbox(Mailbox.scala:270)
	at akka.dispatch.Mailbox.run(Mailbox.scala:231)
	at akka.dispatch.Mailbox.exec(Mailbox.scala:243)
	at java.base/java.util.concurrent.ForkJoinTask.doExec(ForkJoinTask.java:290)
	at java.base/java.util.concurrent.ForkJoinPool$WorkQueue.topLevelExec(ForkJoinPool.java:1016)
	at java.base/java.util.concurrent.ForkJoinPool.scan(ForkJoinPool.java:1665)
	at java.base/java.util.concurrent.ForkJoinPool.runWorker(ForkJoinPool.java:1598)
	at java.base/java.util.concurrent.ForkJoinWorkerThread.run(ForkJoinWorkerThread.java:177)
Caused by: java.lang.ClassNotFoundException: com.sun.management.ThreadMXBean
	at java.base/jdk.internal.loader.BuiltinClassLoader.loadClass(BuiltinClassLoader.java:788)
	at java.base/jdk.internal.loader.ClassLoaders$AppClassLoader.loadClass(ClassLoaders.java:178)
	at java.base/java.lang.ClassLoader.loadClass(ClassLoader.java:1081)
	... 26 common frames omitted
13:03:43.384 [NamespaceSystem-akka.actor.default-dispatcher-9] ERROR akka.actor.OneForOneStrategy - Actor restart triggered
com.firebase.core.namespace.package$ActorRestart: Actor restart triggered
	at com.firebase.core.namespace.view.BroadcastActor$$anonfun$receive$1.$anonfun$applyOrElse$6(BroadcastActor.scala:133)
	at com.firebase.core.namespace.view.BroadcastActor$$anonfun$receive$1$$Lambda$619/0000000000000000.apply$mcV$sp(Unknown Source)
	at scala.runtime.java8.JFunction0$mcV$sp.apply(JFunction0$mcV$sp.java:23)
	at com.firebase.util.logging.Logging.withRenamedThread(Logging.scala:63)
	at com.firebase.util.logging.Logging.withRenamedThread$(Logging.scala:58)
	at com.firebase.core.namespace.view.BroadcastActor.withRenamedThread(BroadcastActor.scala:71)
	at com.firebase.core.namespace.view.BroadcastActor$$anonfun$receive$1.applyOrElse(BroadcastActor.scala:102)
	at akka.actor.Actor.aroundReceive(Actor.scala:537)
	at akka.actor.Actor.aroundReceive$(Actor.scala:535)
	at com.firebase.core.namespace.view.BroadcastActor.aroundReceive(BroadcastActor.scala:71)
	at akka.actor.ActorCell.receiveMessage(ActorCell.scala:577)
	at akka.actor.ActorCell.invoke(ActorCell.scala:547)
	at akka.dispatch.Mailbox.processMailbox(Mailbox.scala:270)
	at akka.dispatch.Mailbox.run(Mailbox.scala:231)
	at akka.dispatch.Mailbox.exec(Mailbox.scala:243)
	at java.base/java.util.concurrent.ForkJoinTask.doExec(ForkJoinTask.java:290)
	at java.base/java.util.concurrent.ForkJoinPool$WorkQueue.topLevelExec(ForkJoinPool.java:1016)
	at java.base/java.util.concurrent.ForkJoinPool.scan(ForkJoinPool.java:1665)
	at java.base/java.util.concurrent.ForkJoinPool.runWorker(ForkJoinPool.java:1598)
	at java.base/java.util.concurrent.ForkJoinWorkerThread.run(ForkJoinWorkerThread.java:177)
Caused by: java.lang.NoClassDefFoundError: com.firebase.core.stats.StatsHelper$ (initialization failure)
	at java.base/java.lang.J9VMInternals.initializationAlreadyFailed(J9VMInternals.java:143)
	at com.firebase.core.stats.NamespaceStats.timeBroadcastActor(NamespaceStats.scala:1535)
	at com.firebase.core.namespace.view.BroadcastActor$$anonfun$receive$1.$anonfun$applyOrElse$6(BroadcastActor.scala:104)
	... 19 common frames omitted
Caused by: java.lang.NoClassDefFoundError: com.sun.management.ThreadMXBean
	at com.firebase.core.stats.StatsHelper$.<init>(StatsHelper.scala:131)
	at com.firebase.core.stats.StatsHelper$.<clinit>(StatsHelper.scala)
	at com.firebase.core.stats.NamespaceStats.timeNamespaceBatchingActorOperation(NamespaceStats.scala:1645)
	at com.firebase.core.namespace.NamespaceBatchingActor.wrapAsync(NamespaceBatchingActor.scala:205)
	at com.firebase.core.namespace.NamespaceBatchingActor.com$firebase$core$namespace$NamespaceBatchingActor$$wrapDefaultAsync(NamespaceBatchingActor.scala:211)
	at com.firebase.core.namespace.NamespaceBatchingActor$$anonfun$1.applyOrElse(NamespaceBatchingActor.scala:307)
	at com.firebase.core.namespace.NamespaceBatchingActor$$anonfun$1.applyOrElse(NamespaceBatchingActor.scala:305)
	at scala.runtime.AbstractPartialFunction.apply(AbstractPartialFunction.scala:38)
	at akka.actor.FSM.processEvent(FSM.scala:804)
	at akka.actor.FSM.processEvent$(FSM.scala:801)
	at com.firebase.core.namespace.NamespaceBatchingActor.processEvent(NamespaceBatchingActor.scala:116)
	at akka.actor.FSM.akka$actor$FSM$$processMsg(FSM.scala:798)
	at akka.actor.FSM$$anonfun$receive$1.applyOrElse(FSM.scala:793)
	at akka.actor.Actor.aroundReceive(Actor.scala:537)
	at akka.actor.Actor.aroundReceive$(Actor.scala:535)
	at com.firebase.core.namespace.NamespaceBatchingActor.aroundReceive(NamespaceBatchingActor.scala:116)
	... 10 common frames omitted
Caused by: java.lang.ClassNotFoundException: com.sun.management.ThreadMXBean
	at java.base/jdk.internal.loader.BuiltinClassLoader.loadClass(BuiltinClassLoader.java:788)
	at java.base/jdk.internal.loader.ClassLoaders$AppClassLoader.loadClass(ClassLoaders.java:178)
	at java.base/java.lang.ClassLoader.loadClass(ClassLoader.java:1081)
	... 26 common frames omitted
13:03:43.392 [NamespaceSystem-akka.actor.default-dispatcher-8] ERROR com.firebase.core.namespace.view.BroadcastActor - Post restart for actor Actor[akka://NamespaceSystem/user/coral-reef-awareness-default-rtdb/broadcast#-1653878464]
com.firebase.core.namespace.package$ActorRestart: Actor restart triggered
	at com.firebase.core.namespace.view.BroadcastActor$$anonfun$receive$1.$anonfun$applyOrElse$6(BroadcastActor.scala:133)
	at com.firebase.core.namespace.view.BroadcastActor$$anonfun$receive$1$$Lambda$619/0000000000000000.apply$mcV$sp(Unknown Source)
	at scala.runtime.java8.JFunction0$mcV$sp.apply(JFunction0$mcV$sp.java:23)
	at com.firebase.util.logging.Logging.withRenamedThread(Logging.scala:63)
	at com.firebase.util.logging.Logging.withRenamedThread$(Logging.scala:58)
	at com.firebase.core.namespace.view.BroadcastActor.withRenamedThread(BroadcastActor.scala:71)
	at com.firebase.core.namespace.view.BroadcastActor$$anonfun$receive$1.applyOrElse(BroadcastActor.scala:102)
	at akka.actor.Actor.aroundReceive(Actor.scala:537)
	at akka.actor.Actor.aroundReceive$(Actor.scala:535)
	at com.firebase.core.namespace.view.BroadcastActor.aroundReceive(BroadcastActor.scala:71)
	at akka.actor.ActorCell.receiveMessage(ActorCell.scala:577)
	at akka.actor.ActorCell.invoke(ActorCell.scala:547)
	at akka.dispatch.Mailbox.processMailbox(Mailbox.scala:270)
	at akka.dispatch.Mailbox.run(Mailbox.scala:231)
	at akka.dispatch.Mailbox.exec(Mailbox.scala:243)
	at java.base/java.util.concurrent.ForkJoinTask.doExec(ForkJoinTask.java:290)
	at java.base/java.util.concurrent.ForkJoinPool$WorkQueue.topLevelExec(ForkJoinPool.java:1016)
	at java.base/java.util.concurrent.ForkJoinPool.scan(ForkJoinPool.java:1665)
	at java.base/java.util.concurrent.ForkJoinPool.runWorker(ForkJoinPool.java:1598)
	at java.base/java.util.concurrent.ForkJoinWorkerThread.run(ForkJoinWorkerThread.java:177)
Caused by: java.lang.NoClassDefFoundError: com.firebase.core.stats.StatsHelper$ (initialization failure)
	at java.base/java.lang.J9VMInternals.initializationAlreadyFailed(J9VMInternals.java:143)
	at com.firebase.core.stats.NamespaceStats.timeBroadcastActor(NamespaceStats.scala:1535)
	at com.firebase.core.namespace.view.BroadcastActor$$anonfun$receive$1.$anonfun$applyOrElse$6(BroadcastActor.scala:104)
	... 19 common frames omitted
Caused by: java.lang.NoClassDefFoundError: com.sun.management.ThreadMXBean
	at com.firebase.core.stats.StatsHelper$.<init>(StatsHelper.scala:131)
	at com.firebase.core.stats.StatsHelper$.<clinit>(StatsHelper.scala)
	at com.firebase.core.stats.NamespaceStats.timeNamespaceBatchingActorOperation(NamespaceStats.scala:1645)
	at com.firebase.core.namespace.NamespaceBatchingActor.wrapAsync(NamespaceBatchingActor.scala:205)
	at com.firebase.core.namespace.NamespaceBatchingActor.com$firebase$core$namespace$NamespaceBatchingActor$$wrapDefaultAsync(NamespaceBatchingActor.scala:211)
	at com.firebase.core.namespace.NamespaceBatchingActor$$anonfun$1.applyOrElse(NamespaceBatchingActor.scala:307)
	at com.firebase.core.namespace.NamespaceBatchingActor$$anonfun$1.applyOrElse(NamespaceBatchingActor.scala:305)
	at scala.runtime.AbstractPartialFunction.apply(AbstractPartialFunction.scala:38)
	at akka.actor.FSM.processEvent(FSM.scala:804)
	at akka.actor.FSM.processEvent$(FSM.scala:801)
	at com.firebase.core.namespace.NamespaceBatchingActor.processEvent(NamespaceBatchingActor.scala:116)
	at akka.actor.FSM.akka$actor$FSM$$processMsg(FSM.scala:798)
	at akka.actor.FSM$$anonfun$receive$1.applyOrElse(FSM.scala:793)
	at akka.actor.Actor.aroundReceive(Actor.scala:537)
	at akka.actor.Actor.aroundReceive$(Actor.scala:535)
	at com.firebase.core.namespace.NamespaceBatchingActor.aroundReceive(NamespaceBatchingActor.scala:116)
	... 10 common frames omitted
Caused by: java.lang.ClassNotFoundException: com.sun.management.ThreadMXBean
	at java.base/jdk.internal.loader.BuiltinClassLoader.loadClass(BuiltinClassLoader.java:788)
	at java.base/jdk.internal.loader.ClassLoaders$AppClassLoader.loadClass(ClassLoaders.java:178)
	at java.base/java.lang.ClassLoader.loadClass(ClassLoader.java:1081)
	... 26 common frames omitted
13:03:53.461 [NamespaceSystem-akka.actor.default-dispatcher-8] WARN akka.actor.CoordinatedShutdown - Coordinated shutdown phase [actor-system-terminate] timed out after 10000 milliseconds
13:04:34.533 [Thread-3] INFO com.firebase.server.forge.App$ - Attempting graceful shutdown.
Exception in thread "Thread-3" java.lang.IllegalStateException: cannot create children while terminating or terminated
	at akka.actor.dungeon.Children.makeChild(Children.scala:291)
	at akka.actor.dungeon.Children.attachChild(Children.scala:50)
	at akka.actor.dungeon.Children.attachChild$(Children.scala:49)
	at akka.actor.ActorCell.attachChild(ActorCell.scala:410)
	at akka.actor.ActorSystemImpl.actorOf(ActorSystem.scala:893)
	at com.firebase.core.namespace.Terminator$.terminate(Terminator.scala:25)
	at com.firebase.core.namespace.annealing.AnnealingNamespaceSystem.shutdown(AnnealingNamespaceSystem.scala:200)
	at com.firebase.server.forge.App$$anon$3.run(App.scala:261)
